..\..\..\..\bin\LibSUNAI.ilk
..\..\..\..\bin\LibSUNAI.pdb
D:\Projects2012\LibSUNAI\_make\MSVC10\LibSUNAI\LibSUNAI\..\..\..\..\bin\LibSUNAI.dll
D:\Projects2012\LibSUNAI\_make\MSVC10\LibSUNAI\LibSUNAI\Debug\cl.command.1.tlog
D:\Projects2012\LibSUNAI\_make\MSVC10\LibSUNAI\LibSUNAI\Debug\CL.read.1.tlog
D:\Projects2012\LibSUNAI\_make\MSVC10\LibSUNAI\LibSUNAI\Debug\CL.write.1.tlog
D:\PROJECTS2012\LIBSUNAI\_MAKE\MSVC10\LIBSUNAI\LIBSUNAI\DEBUG\LIBSUNAI.DLL.EMBED.MANIFEST
D:\PROJECTS2012\LIBSUNAI\_MAKE\MSVC10\LIBSUNAI\LIBSUNAI\DEBUG\LIBSUNAI.DLL.EMBED.MANIFEST.RES
D:\PROJECTS2012\LIBSUNAI\_MAKE\MSVC10\LIBSUNAI\LIBSUNAI\DEBUG\LIBSUNAI.DLL.INTERMEDIATE.MANIFEST
D:\PROJECTS2012\LIBSUNAI\_MAKE\MSVC10\LIBSUNAI\LIBSUNAI\DEBUG\LIBSUNAI.OBJ
D:\Projects2012\LibSUNAI\_make\MSVC10\LibSUNAI\LibSUNAI\Debug\LibSUNAI.write.1.tlog
D:\Projects2012\LibSUNAI\_make\MSVC10\LibSUNAI\LibSUNAI\Debug\LibSUNAI_manifest.rc
D:\Projects2012\LibSUNAI\_make\MSVC10\LibSUNAI\LibSUNAI\Debug\link.2996.read.1.tlog
D:\Projects2012\LibSUNAI\_make\MSVC10\LibSUNAI\LibSUNAI\Debug\link.2996.write.1.tlog
D:\Projects2012\LibSUNAI\_make\MSVC10\LibSUNAI\LibSUNAI\Debug\link.2996-cvtres.read.1.tlog
D:\Projects2012\LibSUNAI\_make\MSVC10\LibSUNAI\LibSUNAI\Debug\link.2996-cvtres.write.1.tlog
D:\Projects2012\LibSUNAI\_make\MSVC10\LibSUNAI\LibSUNAI\Debug\link.4636.read.1.tlog
D:\Projects2012\LibSUNAI\_make\MSVC10\LibSUNAI\LibSUNAI\Debug\link.4636.write.1.tlog
D:\Projects2012\LibSUNAI\_make\MSVC10\LibSUNAI\LibSUNAI\Debug\link.4636-cvtres.read.1.tlog
D:\Projects2012\LibSUNAI\_make\MSVC10\LibSUNAI\LibSUNAI\Debug\link.4636-cvtres.write.1.tlog
D:\Projects2012\LibSUNAI\_make\MSVC10\LibSUNAI\LibSUNAI\Debug\link.8292.read.1.tlog
D:\Projects2012\LibSUNAI\_make\MSVC10\LibSUNAI\LibSUNAI\Debug\link.8292.write.1.tlog
D:\Projects2012\LibSUNAI\_make\MSVC10\LibSUNAI\LibSUNAI\Debug\link.8292-cvtres.read.1.tlog
D:\Projects2012\LibSUNAI\_make\MSVC10\LibSUNAI\LibSUNAI\Debug\link.8292-cvtres.write.1.tlog
D:\Projects2012\LibSUNAI\_make\MSVC10\LibSUNAI\LibSUNAI\Debug\link.8440.read.1.tlog
D:\Projects2012\LibSUNAI\_make\MSVC10\LibSUNAI\LibSUNAI\Debug\link.8440.write.1.tlog
D:\Projects2012\LibSUNAI\_make\MSVC10\LibSUNAI\LibSUNAI\Debug\link.8440-cvtres.read.1.tlog
D:\Projects2012\LibSUNAI\_make\MSVC10\LibSUNAI\LibSUNAI\Debug\link.8440-cvtres.write.1.tlog
D:\Projects2012\LibSUNAI\_make\MSVC10\LibSUNAI\LibSUNAI\Debug\link.9060.read.1.tlog
D:\Projects2012\LibSUNAI\_make\MSVC10\LibSUNAI\LibSUNAI\Debug\link.9060.write.1.tlog
D:\Projects2012\LibSUNAI\_make\MSVC10\LibSUNAI\LibSUNAI\Debug\link.9060-cvtres.read.1.tlog
D:\Projects2012\LibSUNAI\_make\MSVC10\LibSUNAI\LibSUNAI\Debug\link.9060-cvtres.write.1.tlog
D:\Projects2012\LibSUNAI\_make\MSVC10\LibSUNAI\LibSUNAI\Debug\link.command.1.tlog
D:\Projects2012\LibSUNAI\_make\MSVC10\LibSUNAI\LibSUNAI\Debug\link.read.1.tlog
D:\Projects2012\LibSUNAI\_make\MSVC10\LibSUNAI\LibSUNAI\Debug\link.write.1.tlog
D:\Projects2012\LibSUNAI\_make\MSVC10\LibSUNAI\LibSUNAI\Debug\link-cvtres.read.1.tlog
D:\Projects2012\LibSUNAI\_make\MSVC10\LibSUNAI\LibSUNAI\Debug\link-cvtres.write.1.tlog
D:\Projects2012\LibSUNAI\_make\MSVC10\LibSUNAI\LibSUNAI\Debug\mt.command.1.tlog
D:\Projects2012\LibSUNAI\_make\MSVC10\LibSUNAI\LibSUNAI\Debug\mt.read.1.tlog
D:\Projects2012\LibSUNAI\_make\MSVC10\LibSUNAI\LibSUNAI\Debug\mt.write.1.tlog
D:\Projects2012\LibSUNAI\_make\MSVC10\LibSUNAI\LibSUNAI\Debug\rc.command.1.tlog
D:\Projects2012\LibSUNAI\_make\MSVC10\LibSUNAI\LibSUNAI\Debug\rc.read.1.tlog
D:\Projects2012\LibSUNAI\_make\MSVC10\LibSUNAI\LibSUNAI\Debug\rc.write.1.tlog
D:\Projects2012\LibSUNAI\_make\MSVC10\LibSUNAI\LibSUNAI\Debug\vc100.idb
D:\PROJECTS2012\LIBSUNAI\_MAKE\MSVC10\LIBSUNAI\LIBSUNAI\DEBUG\VC100.PDB
D:\PROJECTS2012\LIBSUNAI\BIN\LIBSUNAI.DLL
D:\Projects2012\LibSUNAI\bin\LibSUNAI.exp
D:\PROJECTS2012\LIBSUNAI\BIN\LIBSUNAI.ILK
D:\Projects2012\LibSUNAI\bin\LibSUNAI.lib
D:\PROJECTS2012\LIBSUNAI\BIN\LIBSUNAI.PDB
D:\PROJECTS2012\LIBSUNAI\BUILD\MSVC10\LIBSUNAI\LIBSUNAI\DEBUG\VC100.PDB
