Build started 13/03/2012 19:47:39.
     1>Project "D:\Projects2012\LibSUNAI\build\MSVC10\LibSUNAI\LibSUNAI\LibSUNAI.vcxproj" on node 2 (build target(s)).
     1>InitializeBuildStatus:
         Touching "Debug\LibSUNAI.unsuccessfulbuild".
       ClCompile:
         C:\Archivos de programa\Microsoft Visual Studio 10.0\VC\bin\CL.exe /c /ID:\Projects2012\LibSUNAI\include /ZI /nologo /W3 /WX- /Od /Oy- /D LIBSUNAI_EXPORTS /D WIN32 /D _DEBUG /D _WINDLL /D _UNICODE /D UNICODE /Gm /EHsc /RTC1 /MDd /GS /fp:precise /Za /Zc:wchar_t /Zc:forScope /Fo"Debug\\" /Fd"Debug\vc100.pdb" /Gd /TP /analyze- /errorReport:prompt ..\..\..\..\src\LibSUNAI.cpp
         LibSUNAI.cpp
     1>c:\archivos de programa\microsoft sdks\windows\v7.0a\include\driverspecs.h(142): error C2008: '$' : unexpected in macro definition
     1>c:\archivos de programa\microsoft sdks\windows\v7.0a\include\driverspecs.h(294): error C2008: '$' : unexpected in macro definition
     1>c:\archivos de programa\microsoft sdks\windows\v7.0a\include\driverspecs.h(295): warning C4005: '__' : macro redefinition
                 c:\archivos de programa\microsoft sdks\windows\v7.0a\include\driverspecs.h(142) : see previous definition of '__'
     1>c:\archivos de programa\microsoft sdks\windows\v7.0a\include\driverspecs.h(308): error C2008: '$' : unexpected in macro definition
     1>c:\archivos de programa\microsoft sdks\windows\v7.0a\include\driverspecs.h(309): warning C4005: '__' : macro redefinition
                 c:\archivos de programa\microsoft sdks\windows\v7.0a\include\driverspecs.h(295) : see previous definition of '__'
     1>c:\archivos de programa\microsoft sdks\windows\v7.0a\include\driverspecs.h(312): error C2008: '$' : unexpected in macro definition
     1>c:\archivos de programa\microsoft sdks\windows\v7.0a\include\driverspecs.h(313): warning C4005: '__' : macro redefinition
                 c:\archivos de programa\microsoft sdks\windows\v7.0a\include\driverspecs.h(309) : see previous definition of '__'
     1>c:\archivos de programa\microsoft sdks\windows\v7.0a\include\driverspecs.h(316): error C2008: '$' : unexpected in macro definition
     1>c:\archivos de programa\microsoft sdks\windows\v7.0a\include\driverspecs.h(317): warning C4005: '__' : macro redefinition
                 c:\archivos de programa\microsoft sdks\windows\v7.0a\include\driverspecs.h(313) : see previous definition of '__'
     1>c:\archivos de programa\microsoft sdks\windows\v7.0a\include\driverspecs.h(320): error C2008: '$' : unexpected in macro definition
     1>c:\archivos de programa\microsoft sdks\windows\v7.0a\include\driverspecs.h(321): warning C4005: '__' : macro redefinition
                 c:\archivos de programa\microsoft sdks\windows\v7.0a\include\driverspecs.h(317) : see previous definition of '__'
     1>c:\archivos de programa\microsoft sdks\windows\v7.0a\include\winnt.h(1202): error C2018: unknown character '0x24'
     1>c:\archivos de programa\microsoft sdks\windows\v7.0a\include\winnt.h(1202): error C2146: syntax error : missing ';' before identifier 'drv_group'
     1>c:\archivos de programa\microsoft sdks\windows\v7.0a\include\winnt.h(1202): error C4430: missing type specifier - int assumed. Note: C++ does not support default-int
     1>c:\archivos de programa\microsoft sdks\windows\v7.0a\include\winnt.h(1202): error C3861: '__drv_nop': identifier not found
     1>c:\archivos de programa\microsoft sdks\windows\v7.0a\include\winnt.h(1204): error C4430: missing type specifier - int assumed. Note: C++ does not support default-int
     1>c:\archivos de programa\microsoft sdks\windows\v7.0a\include\winnt.h(1204): error C2146: syntax error : missing ';' before identifier 'EXCEPTION_DISPOSITION'
     1>c:\archivos de programa\microsoft sdks\windows\v7.0a\include\winnt.h(1204): error C2143: syntax error : missing ';' before '__stdcall'
     1>c:\archivos de programa\microsoft sdks\windows\v7.0a\include\winnt.h(1204): error C4430: missing type specifier - int assumed. Note: C++ does not support default-int
     1>c:\archivos de programa\microsoft sdks\windows\v7.0a\include\winnt.h(1204): error C2377: 'EXCEPTION_DISPOSITION' : redefinition; typedef cannot be overloaded with any other symbol
                 c:\archivos de programa\microsoft visual studio 10.0\vc\include\excpt.h(40) : see declaration of 'EXCEPTION_DISPOSITION'
     1>c:\archivos de programa\microsoft sdks\windows\v7.0a\include\winnt.h(1210): error C4430: missing type specifier - int assumed. Note: C++ does not support default-int
     1>c:\archivos de programa\microsoft sdks\windows\v7.0a\include\winnt.h(1212): error C2143: syntax error : missing ';' before '*'
     1>c:\archivos de programa\microsoft sdks\windows\v7.0a\include\winnt.h(1212): error C4430: missing type specifier - int assumed. Note: C++ does not support default-int
     1>c:\archivos de programa\microsoft sdks\windows\v7.0a\include\winnt.h(1212): error C2365: 'EXCEPTION_ROUTINE' : redefinition; previous definition was 'function'
                 c:\archivos de programa\microsoft sdks\windows\v7.0a\include\winnt.h(1205) : see declaration of 'EXCEPTION_ROUTINE'
     1>c:\archivos de programa\microsoft sdks\windows\v7.0a\include\winnt.h(1212): error C4430: missing type specifier - int assumed. Note: C++ does not support default-int
     1>c:\archivos de programa\microsoft sdks\windows\v7.0a\include\winnt.h(11552): error C2467: illegal declaration of anonymous 'struct'
     1>c:\archivos de programa\microsoft sdks\windows\v7.0a\include\winnt.h(12880): error C2018: unknown character '0x24'
     1>c:\archivos de programa\microsoft sdks\windows\v7.0a\include\winnt.h(12880): error C3861: '__drv_nop': identifier not found
     1>c:\archivos de programa\microsoft sdks\windows\v7.0a\include\winnt.h(12883): error C2378: 'drv_group' : redefinition; symbol cannot be overloaded with a typedef
                 c:\archivos de programa\microsoft sdks\windows\v7.0a\include\winnt.h(1202) : see declaration of 'drv_group'
     1>c:\archivos de programa\microsoft sdks\windows\v7.0a\include\winnt.h(12883): error C2513: 'drv_unit_user_code' : no variable declared before '='
     1>c:\archivos de programa\microsoft sdks\windows\v7.0a\include\winnt.h(12883): error C2146: syntax error : missing ';' before identifier 'DWORD'
     1>c:\archivos de programa\microsoft sdks\windows\v7.0a\include\winnt.h(12883): error C2143: syntax error : missing ';' before '__stdcall'
     1>c:\archivos de programa\microsoft sdks\windows\v7.0a\include\winnt.h(12883): error C4430: missing type specifier - int assumed. Note: C++ does not support default-int
     1>c:\archivos de programa\microsoft sdks\windows\v7.0a\include\winnt.h(12883): error C2377: 'DWORD' : redefinition; typedef cannot be overloaded with any other symbol
                 c:\archivos de programa\microsoft sdks\windows\v7.0a\include\windef.h(152) : see declaration of 'DWORD'
     1>c:\archivos de programa\microsoft sdks\windows\v7.0a\include\winnt.h(12888): error C4430: missing type specifier - int assumed. Note: C++ does not support default-int
     1>c:\archivos de programa\microsoft sdks\windows\v7.0a\include\winnt.h(12889): error C2143: syntax error : missing ';' before '*'
     1>c:\archivos de programa\microsoft sdks\windows\v7.0a\include\winnt.h(12889): error C4430: missing type specifier - int assumed. Note: C++ does not support default-int
     1>c:\archivos de programa\microsoft sdks\windows\v7.0a\include\winnt.h(12889): error C2365: 'RTL_RUN_ONCE_INIT_FN' : redefinition; previous definition was 'function'
                 c:\archivos de programa\microsoft sdks\windows\v7.0a\include\winnt.h(12884) : see declaration of 'RTL_RUN_ONCE_INIT_FN'
     1>c:\archivos de programa\microsoft sdks\windows\v7.0a\include\winnt.h(12889): error C4430: missing type specifier - int assumed. Note: C++ does not support default-int
     1>c:\archivos de programa\microsoft sdks\windows\v7.0a\include\winnt.h(12907): error C2143: syntax error : missing ';' before '__stdcall'
     1>c:\archivos de programa\microsoft sdks\windows\v7.0a\include\winnt.h(12907): error C4430: missing type specifier - int assumed. Note: C++ does not support default-int
     1>c:\archivos de programa\microsoft sdks\windows\v7.0a\include\winnt.h(12907): error C2370: 'DWORD' : redefinition; different storage class
                 c:\archivos de programa\microsoft sdks\windows\v7.0a\include\winnt.h(12883) : see declaration of 'DWORD'
     1>c:\archivos de programa\microsoft sdks\windows\v7.0a\include\winnt.h(12910): error C2061: syntax error : identifier 'PRTL_RUN_ONCE_INIT_FN'
     1>c:\archivos de programa\microsoft sdks\windows\v7.0a\include\winnt.h(12913): error C4430: missing type specifier - int assumed. Note: C++ does not support default-int
     1>c:\archivos de programa\microsoft sdks\windows\v7.0a\include\winnt.h(12919): error C2143: syntax error : missing ';' before '__stdcall'
     1>c:\archivos de programa\microsoft sdks\windows\v7.0a\include\winnt.h(12919): error C4430: missing type specifier - int assumed. Note: C++ does not support default-int
     1>c:\archivos de programa\microsoft sdks\windows\v7.0a\include\winnt.h(12919): error C2370: 'DWORD' : redefinition; different storage class
                 c:\archivos de programa\microsoft sdks\windows\v7.0a\include\winnt.h(12883) : see declaration of 'DWORD'
     1>c:\archivos de programa\microsoft sdks\windows\v7.0a\include\winnt.h(12922): error C2061: syntax error : identifier 'DWORD'
     1>c:\archivos de programa\microsoft sdks\windows\v7.0a\include\winnt.h(12924): error C4430: missing type specifier - int assumed. Note: C++ does not support default-int
     1>c:\archivos de programa\microsoft sdks\windows\v7.0a\include\winnt.h(12929): error C2143: syntax error : missing ';' before '__stdcall'
     1>c:\archivos de programa\microsoft sdks\windows\v7.0a\include\winnt.h(12929): error C4430: missing type specifier - int assumed. Note: C++ does not support default-int
     1>c:\archivos de programa\microsoft sdks\windows\v7.0a\include\winnt.h(12929): error C2370: 'DWORD' : redefinition; different storage class
                 c:\archivos de programa\microsoft sdks\windows\v7.0a\include\winnt.h(12883) : see declaration of 'DWORD'
     1>c:\archivos de programa\microsoft sdks\windows\v7.0a\include\winnt.h(12932): error C2061: syntax error : identifier 'DWORD'
     1>c:\archivos de programa\microsoft sdks\windows\v7.0a\include\winnt.h(12934): error C4430: missing type specifier - int assumed. Note: C++ does not support default-int
     1>c:\archivos de programa\microsoft sdks\windows\v7.0a\include\winnt.h(12955): error C2146: syntax error : missing ';' before identifier 'HEAP_MAKE_TAG_FLAGS'
     1>c:\archivos de programa\microsoft sdks\windows\v7.0a\include\winnt.h(12955): error C2433: 'DWORD' : '__forceinline' not permitted on data declarations
     1>c:\archivos de programa\microsoft sdks\windows\v7.0a\include\winnt.h(12955): error C4430: missing type specifier - int assumed. Note: C++ does not support default-int
     1>c:\archivos de programa\microsoft sdks\windows\v7.0a\include\winnt.h(12955): error C2086: 'int DWORD' : redefinition
                 c:\archivos de programa\microsoft sdks\windows\v7.0a\include\winnt.h(12883) : see declaration of 'DWORD'
     1>c:\archivos de programa\microsoft sdks\windows\v7.0a\include\winnt.h(12956): error C2146: syntax error : missing ')' before identifier 'TagBase'
     1>c:\archivos de programa\microsoft sdks\windows\v7.0a\include\winnt.h(12956): error C4430: missing type specifier - int assumed. Note: C++ does not support default-int
     1>c:\archivos de programa\microsoft sdks\windows\v7.0a\include\winnt.h(12958): error C2059: syntax error : ')'
     1>c:\archivos de programa\microsoft sdks\windows\v7.0a\include\winnt.h(12960): error C2143: syntax error : missing ';' before '{'
     1>c:\archivos de programa\microsoft sdks\windows\v7.0a\include\winnt.h(12960): error C2447: '{' : missing function header (old-style formal list?)
     1>c:\archivos de programa\microsoft sdks\windows\v7.0a\include\winnt.h(12971): error C2146: syntax error : missing ')' before identifier 'FramesToSkip'
     1>c:\archivos de programa\microsoft sdks\windows\v7.0a\include\winnt.h(12971): warning C4229: anachronism used : modifiers on data are ignored
     1>c:\archivos de programa\microsoft sdks\windows\v7.0a\include\winnt.h(12971): error C2491: 'RtlCaptureStackBackTrace' : definition of dllimport data not allowed
     1>c:\archivos de programa\microsoft sdks\windows\v7.0a\include\winnt.h(12975): error C2059: syntax error : ')'
     1>c:\archivos de programa\microsoft sdks\windows\v7.0a\include\winnt.h(13118): error C2146: syntax error : missing ';' before identifier 'LowId'
     1>c:\archivos de programa\microsoft sdks\windows\v7.0a\include\winnt.h(13118): error C4430: missing type specifier - int assumed. Note: C++ does not support default-int
     1>c:\archivos de programa\microsoft sdks\windows\v7.0a\include\winnt.h(13118): error C4430: missing type specifier - int assumed. Note: C++ does not support default-int
     1>c:\archivos de programa\microsoft sdks\windows\v7.0a\include\winnt.h(13119): error C2146: syntax error : missing ';' before identifier 'HighId'
     1>c:\archivos de programa\microsoft sdks\windows\v7.0a\include\winnt.h(13119): error C4430: missing type specifier - int assumed. Note: C++ does not support default-int
     1>c:\archivos de programa\microsoft sdks\windows\v7.0a\include\winnt.h(13119): error C4430: missing type specifier - int assumed. Note: C++ does not support default-int
     1>c:\archivos de programa\microsoft sdks\windows\v7.0a\include\winnt.h(13120): error C2146: syntax error : missing ';' before identifier 'OffsetToEntries'
     1>c:\archivos de programa\microsoft sdks\windows\v7.0a\include\winnt.h(13120): error C4430: missing type specifier - int assumed. Note: C++ does not support default-int
     1>c:\archivos de programa\microsoft sdks\windows\v7.0a\include\winnt.h(13120): error C4430: missing type specifier - int assumed. Note: C++ does not support default-int
     1>c:\archivos de programa\microsoft sdks\windows\v7.0a\include\winnt.h(13124): error C2146: syntax error : missing ';' before identifier 'NumberOfBlocks'
     1>c:\archivos de programa\microsoft sdks\windows\v7.0a\include\winnt.h(13124): error C4430: missing type specifier - int assumed. Note: C++ does not support default-int
     1>c:\archivos de programa\microsoft sdks\windows\v7.0a\include\winnt.h(13124): error C4430: missing type specifier - int assumed. Note: C++ does not support default-int
     1>c:\archivos de programa\microsoft sdks\windows\v7.0a\include\winnt.h(13138): error C2146: syntax error : missing ';' before identifier 'dwOSVersionInfoSize'
     1>c:\archivos de programa\microsoft sdks\windows\v7.0a\include\winnt.h(13138): error C4430: missing type specifier - int assumed. Note: C++ does not support default-int
     1>c:\archivos de programa\microsoft sdks\windows\v7.0a\include\winnt.h(13138): error C4430: missing type specifier - int assumed. Note: C++ does not support default-int
     1>c:\archivos de programa\microsoft sdks\windows\v7.0a\include\winnt.h(13139): error C2146: syntax error : missing ';' before identifier 'dwMajorVersion'
     1>c:\archivos de programa\microsoft sdks\windows\v7.0a\include\winnt.h(13139): error C4430: missing type specifier - int assumed. Note: C++ does not support default-int
     1>c:\archivos de programa\microsoft sdks\windows\v7.0a\include\winnt.h(13139): error C4430: missing type specifier - int assumed. Note: C++ does not support default-int
     1>c:\archivos de programa\microsoft sdks\windows\v7.0a\include\winnt.h(13140): error C2146: syntax error : missing ';' before identifier 'dwMinorVersion'
     1>c:\archivos de programa\microsoft sdks\windows\v7.0a\include\winnt.h(13140): error C4430: missing type specifier - int assumed. Note: C++ does not support default-int
     1>c:\archivos de programa\microsoft sdks\windows\v7.0a\include\winnt.h(13140): error C4430: missing type specifier - int assumed. Note: C++ does not support default-int
     1>c:\archivos de programa\microsoft sdks\windows\v7.0a\include\winnt.h(13141): error C2146: syntax error : missing ';' before identifier 'dwBuildNumber'
     1>c:\archivos de programa\microsoft sdks\windows\v7.0a\include\winnt.h(13141): error C4430: missing type specifier - int assumed. Note: C++ does not support default-int
     1>c:\archivos de programa\microsoft sdks\windows\v7.0a\include\winnt.h(13141): error C4430: missing type specifier - int assumed. Note: C++ does not support default-int
     1>c:\archivos de programa\microsoft sdks\windows\v7.0a\include\winnt.h(13142): error C2146: syntax error : missing ';' before identifier 'dwPlatformId'
     1>c:\archivos de programa\microsoft sdks\windows\v7.0a\include\winnt.h(13142): error C4430: missing type specifier - int assumed. Note: C++ does not support default-int
     1>c:\archivos de programa\microsoft sdks\windows\v7.0a\include\winnt.h(13142): error C4430: missing type specifier - int assumed. Note: C++ does not support default-int
     1>c:\archivos de programa\microsoft sdks\windows\v7.0a\include\winnt.h(13147): error C2146: syntax error : missing ';' before identifier 'dwOSVersionInfoSize'
     1>c:\archivos de programa\microsoft sdks\windows\v7.0a\include\winnt.h(13147): error C4430: missing type specifier - int assumed. Note: C++ does not support default-int
     1>c:\archivos de programa\microsoft sdks\windows\v7.0a\include\winnt.h(13147): error C4430: missing type specifier - int assumed. Note: C++ does not support default-int
     1>c:\archivos de programa\microsoft sdks\windows\v7.0a\include\winnt.h(13148): error C2146: syntax error : missing ';' before identifier 'dwMajorVersion'
     1>c:\archivos de programa\microsoft sdks\windows\v7.0a\include\winnt.h(13148): error C4430: missing type specifier - int assumed. Note: C++ does not support default-int
     1>c:\archivos de programa\microsoft sdks\windows\v7.0a\include\winnt.h(13148): error C4430: missing type specifier - int assumed. Note: C++ does not support default-int
     1>c:\archivos de programa\microsoft sdks\windows\v7.0a\include\winnt.h(13149): error C2146: syntax error : missing ';' before identifier 'dwMinorVersion'
     1>c:\archivos de programa\microsoft sdks\windows\v7.0a\include\winnt.h(13149): error C4430: missing type specifier - int assumed. Note: C++ does not support default-int
     1>c:\archivos de programa\microsoft sdks\windows\v7.0a\include\winnt.h(13149): error C4430: missing type specifier - int assumed. Note: C++ does not support default-int
     1>c:\archivos de programa\microsoft sdks\windows\v7.0a\include\winnt.h(13150): error C2146: syntax error : missing ';' before identifier 'dwBuildNumber'
     1>c:\archivos de programa\microsoft sdks\windows\v7.0a\include\winnt.h(13150): error C4430: missing type specifier - int assumed. Note: C++ does not support default-int
     1>c:\archivos de programa\microsoft sdks\windows\v7.0a\include\winnt.h(13150): error C4430: missing type specifier - int assumed. Note: C++ does not support default-int
     1>c:\archivos de programa\microsoft sdks\windows\v7.0a\include\winnt.h(13151): error C2146: syntax error : missing ';' before identifier 'dwPlatformId'
     1>c:\archivos de programa\microsoft sdks\windows\v7.0a\include\winnt.h(13151): error C4430: missing type specifier - int assumed. Note: C++ does not support default-int
     1>c:\archivos de programa\microsoft sdks\windows\v7.0a\include\winnt.h(13151): error C4430: missing type specifier - int assumed. Note: C++ does not support default-int
     1>c:\archivos de programa\microsoft sdks\windows\v7.0a\include\winnt.h(13165): error C2146: syntax error : missing ';' before identifier 'dwOSVersionInfoSize'
     1>c:\archivos de programa\microsoft sdks\windows\v7.0a\include\winnt.h(13165): error C4430: missing type specifier - int assumed. Note: C++ does not support default-int
     1>c:\archivos de programa\microsoft sdks\windows\v7.0a\include\winnt.h(13165): error C4430: missing type specifier - int assumed. Note: C++ does not support default-int
     1>c:\archivos de programa\microsoft sdks\windows\v7.0a\include\winnt.h(13166): error C2146: syntax error : missing ';' before identifier 'dwMajorVersion'
     1>c:\archivos de programa\microsoft sdks\windows\v7.0a\include\winnt.h(13166): error C4430: missing type specifier - int assumed. Note: C++ does not support default-int
     1>c:\archivos de programa\microsoft sdks\windows\v7.0a\include\winnt.h(13166): error C4430: missing type specifier - int assumed. Note: C++ does not support default-int
     1>c:\archivos de programa\microsoft sdks\windows\v7.0a\include\winnt.h(13167): error C2146: syntax error : missing ';' before identifier 'dwMinorVersion'
     1>c:\archivos de programa\microsoft sdks\windows\v7.0a\include\winnt.h(13167): error C4430: missing type specifier - int assumed. Note: C++ does not support default-int
     1>c:\archivos de programa\microsoft sdks\windows\v7.0a\include\winnt.h(13167): error C4430: missing type specifier - int assumed. Note: C++ does not support default-int
     1>c:\archivos de programa\microsoft sdks\windows\v7.0a\include\winnt.h(13168): error C2146: syntax error : missing ';' before identifier 'dwBuildNumber'
     1>c:\archivos de programa\microsoft sdks\windows\v7.0a\include\winnt.h(13168): error C4430: missing type specifier - int assumed. Note: C++ does not support default-int
     1>c:\archivos de programa\microsoft sdks\windows\v7.0a\include\winnt.h(13168): error C4430: missing type specifier - int assumed. Note: C++ does not support default-int
     1>c:\archivos de programa\microsoft sdks\windows\v7.0a\include\winnt.h(13169): error C2146: syntax error : missing ';' before identifier 'dwPlatformId'
     1>c:\archivos de programa\microsoft sdks\windows\v7.0a\include\winnt.h(13169): error C4430: missing type specifier - int assumed. Note: C++ does not support default-int
     1>c:\archivos de programa\microsoft sdks\windows\v7.0a\include\winnt.h(13169): error C4430: missing type specifier - int assumed. Note: C++ does not support default-int
     1>c:\archivos de programa\microsoft sdks\windows\v7.0a\include\winnt.h(13178): error C2146: syntax error : missing ';' before identifier 'dwOSVersionInfoSize'
     1>c:\archivos de programa\microsoft sdks\windows\v7.0a\include\winnt.h(13178): error C4430: missing type specifier - int assumed. Note: C++ does not support default-int
     1>c:\archivos de programa\microsoft sdks\windows\v7.0a\include\winnt.h(13178): error C4430: missing type specifier - int assumed. Note: C++ does not support default-int
     1>c:\archivos de programa\microsoft sdks\windows\v7.0a\include\winnt.h(13179): error C2146: syntax error : missing ';' before identifier 'dwMajorVersion'
     1>c:\archivos de programa\microsoft sdks\windows\v7.0a\include\winnt.h(13179): error C4430: missing type specifier - int assumed. Note: C++ does not support default-int
     1>c:\archivos de programa\microsoft sdks\windows\v7.0a\include\winnt.h(13179): error C4430: missing type specifier - int assumed. Note: C++ does not support default-int
     1>c:\archivos de programa\microsoft sdks\windows\v7.0a\include\winnt.h(13180): error C2146: syntax error : missing ';' before identifier 'dwMinorVersion'
     1>c:\archivos de programa\microsoft sdks\windows\v7.0a\include\winnt.h(13180): error C4430: missing type specifier - int assumed. Note: C++ does not support default-int
     1>c:\archivos de programa\microsoft sdks\windows\v7.0a\include\winnt.h(13180): error C4430: missing type specifier - int assumed. Note: C++ does not support default-int
     1>c:\archivos de programa\microsoft sdks\windows\v7.0a\include\winnt.h(13181): error C2146: syntax error : missing ';' before identifier 'dwBuildNumber'
     1>c:\archivos de programa\microsoft sdks\windows\v7.0a\include\winnt.h(13181): error C4430: missing type specifier - int assumed. Note: C++ does not support default-int
     1>c:\archivos de programa\microsoft sdks\windows\v7.0a\include\winnt.h(13181): error C4430: missing type specifier - int assumed. Note: C++ does not support default-int
     1>c:\archivos de programa\microsoft sdks\windows\v7.0a\include\winnt.h(13182): error C2146: syntax error : missing ';' before identifier 'dwPlatformId'
     1>c:\archivos de programa\microsoft sdks\windows\v7.0a\include\winnt.h(13182): error C4430: missing type specifier - int assumed. Note: C++ does not support default-int
     1>c:\archivos de programa\microsoft sdks\windows\v7.0a\include\winnt.h(13182): error C4430: missing type specifier - int assumed. Note: C++ does not support default-int
     1>c:\archivos de programa\microsoft sdks\windows\v7.0a\include\winnt.h(13263): error C2061: syntax error : identifier 'DWORD'
     1>c:\archivos de programa\microsoft sdks\windows\v7.0a\include\winnt.h(13276): error C2146: syntax error : missing ')' before identifier 'OSMajorVersion'
     1>c:\archivos de programa\microsoft sdks\windows\v7.0a\include\winnt.h(13276): warning C4229: anachronism used : modifiers on data are ignored
     1>c:\archivos de programa\microsoft sdks\windows\v7.0a\include\winnt.h(13276): error C2491: 'RtlGetProductInfo' : definition of dllimport data not allowed
     1>c:\archivos de programa\microsoft sdks\windows\v7.0a\include\winnt.h(13281): error C2059: syntax error : ')'
     1>c:\archivos de programa\microsoft sdks\windows\v7.0a\include\winnt.h(13305): error C2018: unknown character '0x24'
     1>c:\archivos de programa\microsoft sdks\windows\v7.0a\include\winnt.h(13305): error C3861: '__drv_nop': identifier not found
     1>c:\archivos de programa\microsoft sdks\windows\v7.0a\include\winnt.h(13307): error C2448: 'drv_group' : function-style initializer appears to be a function definition
     1>c:\archivos de programa\microsoft sdks\windows\v7.0a\include\winnt.h(13314): error C2143: syntax error : missing ';' before '*'
     1>c:\archivos de programa\microsoft sdks\windows\v7.0a\include\winnt.h(13322): error C2143: syntax error : missing ';' before '__stdcall'
     1>c:\archivos de programa\microsoft sdks\windows\v7.0a\include\winnt.h(13325): error C2061: syntax error : identifier 'DWORD'
     1>c:\archivos de programa\microsoft sdks\windows\v7.0a\include\winnt.h(13331): error C2143: syntax error : missing ';' before '__stdcall'
     1>c:\archivos de programa\microsoft sdks\windows\v7.0a\include\winnt.h(13334): error C2061: syntax error : identifier 'DWORD'
     1>c:\archivos de programa\microsoft sdks\windows\v7.0a\include\winnt.h(13348): error C2143: syntax error : missing ';' before '__stdcall'
     1>c:\archivos de programa\microsoft sdks\windows\v7.0a\include\winnt.h(13350): error C2146: syntax error : missing ')' before identifier 'ContextFlags'
     1>c:\archivos de programa\microsoft sdks\windows\v7.0a\include\winnt.h(13350): warning C4229: anachronism used : modifiers on data are ignored
     1>c:\archivos de programa\microsoft sdks\windows\v7.0a\include\winnt.h(13350): error C4430: missing type specifier - int assumed. Note: C++ does not support default-int
     1>c:\archivos de programa\microsoft sdks\windows\v7.0a\include\winnt.h(13352): error C2059: syntax error : ')'
     1>c:\archivos de programa\microsoft sdks\windows\v7.0a\include\winnt.h(13366): error C2061: syntax error : identifier 'DWORD'
     1>c:\archivos de programa\microsoft sdks\windows\v7.0a\include\winnt.h(13394): error C2146: syntax error : missing ';' before identifier 'EntryCount'
     1>c:\archivos de programa\microsoft sdks\windows\v7.0a\include\winnt.h(13394): error C4430: missing type specifier - int assumed. Note: C++ does not support default-int
     1>c:\archivos de programa\microsoft sdks\windows\v7.0a\include\winnt.h(13394): error C4430: missing type specifier - int assumed. Note: C++ does not support default-int
     1>c:\archivos de programa\microsoft sdks\windows\v7.0a\include\winnt.h(13395): error C2146: syntax error : missing ';' before identifier 'ContentionCount'
     1>c:\archivos de programa\microsoft sdks\windows\v7.0a\include\winnt.h(13395): error C4430: missing type specifier - int assumed. Note: C++ does not support default-int
     1>c:\archivos de programa\microsoft sdks\windows\v7.0a\include\winnt.h(13395): error C4430: missing type specifier - int assumed. Note: C++ does not support default-int
     1>c:\archivos de programa\microsoft sdks\windows\v7.0a\include\winnt.h(13396): error C2146: syntax error : missing ';' before identifier 'Flags'
     1>c:\archivos de programa\microsoft sdks\windows\v7.0a\include\winnt.h(13396): error C4430: missing type specifier - int assumed. Note: C++ does not support default-int
     1>c:\archivos de programa\microsoft sdks\windows\v7.0a\include\winnt.h(13396): error C4430: missing type specifier - int assumed. Note: C++ does not support default-int
     1>c:\archivos de programa\microsoft sdks\windows\v7.0a\include\winnt.h(13421): error C2146: syntax error : missing ';' before identifier 'DebugInfo'
     1>c:\archivos de programa\microsoft sdks\windows\v7.0a\include\winnt.h(13421): error C4430: missing type specifier - int assumed. Note: C++ does not support default-int
     1>c:\archivos de programa\microsoft sdks\windows\v7.0a\include\winnt.h(13421): error C4430: missing type specifier - int assumed. Note: C++ does not support default-int
     1>c:\archivos de programa\microsoft sdks\windows\v7.0a\include\winnt.h(13477): error C2275: 'PVOID' : illegal use of this type as an expression
                 c:\archivos de programa\microsoft sdks\windows\v7.0a\include\winnt.h(289) : see declaration of 'PVOID'
     1>c:\archivos de programa\microsoft sdks\windows\v7.0a\include\winnt.h(13477): error C2275: 'PVOID' : illegal use of this type as an expression
                 c:\archivos de programa\microsoft sdks\windows\v7.0a\include\winnt.h(289) : see declaration of 'PVOID'
     1>c:\archivos de programa\microsoft sdks\windows\v7.0a\include\winnt.h(13477): error C2165: 'left-side modifier' : cannot modify pointers to data
     1>c:\archivos de programa\microsoft sdks\windows\v7.0a\include\winnt.h(13477): error C2513: 'void *' : no variable declared before '='
     1>c:\archivos de programa\microsoft sdks\windows\v7.0a\include\winnt.h(13515): error C2146: syntax error : missing ';' before identifier 'ulAssemblyIndex'
     1>c:\archivos de programa\microsoft sdks\windows\v7.0a\include\winnt.h(13515): error C4430: missing type specifier - int assumed. Note: C++ does not support default-int
     1>c:\archivos de programa\microsoft sdks\windows\v7.0a\include\winnt.h(13515): error C4430: missing type specifier - int assumed. Note: C++ does not support default-int
     1>c:\archivos de programa\microsoft sdks\windows\v7.0a\include\winnt.h(13516): error C2146: syntax error : missing ';' before identifier 'ulFileIndexInAssembly'
     1>c:\archivos de programa\microsoft sdks\windows\v7.0a\include\winnt.h(13516): error C4430: missing type specifier - int assumed. Note: C++ does not support default-int
     1>c:\archivos de programa\microsoft sdks\windows\v7.0a\include\winnt.h(13516): error C4430: missing type specifier - int assumed. Note: C++ does not support default-int
     1>c:\archivos de programa\microsoft sdks\windows\v7.0a\include\winnt.h(13528): error C2146: syntax error : missing ';' before identifier 'ulFlags'
     1>c:\archivos de programa\microsoft sdks\windows\v7.0a\include\winnt.h(13528): error C4430: missing type specifier - int assumed. Note: C++ does not support default-int
     1>c:\archivos de programa\microsoft sdks\windows\v7.0a\include\winnt.h(13528): error C4430: missing type specifier - int assumed. Note: C++ does not support default-int
     1>c:\archivos de programa\microsoft sdks\windows\v7.0a\include\winnt.h(13529): error C2146: syntax error : missing ';' before identifier 'ulFilenameLength'
     1>c:\archivos de programa\microsoft sdks\windows\v7.0a\include\winnt.h(13529): error C4430: missing type specifier - int assumed. Note: C++ does not support default-int
     1>c:\archivos de programa\microsoft sdks\windows\v7.0a\include\winnt.h(13529): error C4430: missing type specifier - int assumed. Note: C++ does not support default-int
     1>c:\archivos de programa\microsoft sdks\windows\v7.0a\include\winnt.h(13530): error C2146: syntax error : missing ';' before identifier 'ulPathLength'
     1>c:\archivos de programa\microsoft sdks\windows\v7.0a\include\winnt.h(13530): error C4430: missing type specifier - int assumed. Note: C++ does not support default-int
     1>c:\archivos de programa\microsoft sdks\windows\v7.0a\include\winnt.h(13530): error C4430: missing type specifier - int assumed. Note: C++ does not support default-int
     1>c:\archivos de programa\microsoft sdks\windows\v7.0a\include\winnt.h(13535): error C4430: missing type specifier - int assumed. Note: C++ does not support default-int
     1>c:\archivos de programa\microsoft sdks\windows\v7.0a\include\winnt.h(13535): error C2143: syntax error : missing ';' before '*'
     1>c:\archivos de programa\microsoft sdks\windows\v7.0a\include\winnt.h(13547): error C2146: syntax error : missing ';' before identifier 'ulFlags'
     1>c:\archivos de programa\microsoft sdks\windows\v7.0a\include\winnt.h(13547): error C4430: missing type specifier - int assumed. Note: C++ does not support default-int
     1>c:\archivos de programa\microsoft sdks\windows\v7.0a\include\winnt.h(13547): error C4430: missing type specifier - int assumed. Note: C++ does not support default-int
     1>c:\archivos de programa\microsoft sdks\windows\v7.0a\include\winnt.h(13548): error C2146: syntax error : missing ';' before identifier 'ulEncodedAssemblyIdentityLength'
     1>c:\archivos de programa\microsoft sdks\windows\v7.0a\include\winnt.h(13548): error C4430: missing type specifier - int assumed. Note: C++ does not support default-int
     1>c:\archivos de programa\microsoft sdks\windows\v7.0a\include\winnt.h(13548): error C4430: missing type specifier - int assumed. Note: C++ does not support default-int
     1>c:\archivos de programa\microsoft sdks\windows\v7.0a\include\winnt.h(13549): error C2146: syntax error : missing ';' before identifier 'ulManifestPathType'
     1>c:\archivos de programa\microsoft sdks\windows\v7.0a\include\winnt.h(13549): error C4430: missing type specifier - int assumed. Note: C++ does not support default-int
     1>c:\archivos de programa\microsoft sdks\windows\v7.0a\include\winnt.h(13549): error C4430: missing type specifier - int assumed. Note: C++ does not support default-int
     1>c:\archivos de programa\microsoft sdks\windows\v7.0a\include\winnt.h(13550): error C2146: syntax error : missing ';' before identifier 'ulManifestPathLength'
     1>c:\archivos de programa\microsoft sdks\windows\v7.0a\include\winnt.h(13550): fatal error C1003: error count exceeds 100; stopping compilation
     1>Done Building Project "D:\Projects2012\LibSUNAI\build\MSVC10\LibSUNAI\LibSUNAI\LibSUNAI.vcxproj" (build target(s)) -- FAILED.

Build FAILED.

Time Elapsed 00:00:01.20
